<?xml version="1.0" encoding="UTF-8"?>
<!-- Generated by org.testng.reporters.JUnitReportReporter -->
<testsuite hostname="Ruiyong.local" name="com.sfgov.tests.LoginTests" tests="8" failures="0" timestamp="10 May 2016 06:10:22 GMT" time="34.684" errors="0">
  <testcase name="login04" time="5.256" classname="com.sfgov.tests.LoginTests"/>
  <testcase name="login04" time="4.031" classname="com.sfgov.tests.LoginTests"/>
  <testcase name="login04" time="3.891" classname="com.sfgov.tests.LoginTests"/>
  <testcase name="login04" time="4.045" classname="com.sfgov.tests.LoginTests"/>
  <testcase name="login04" time="4.318" classname="com.sfgov.tests.LoginTests"/>
  <testcase name="login04" time="3.807" classname="com.sfgov.tests.LoginTests"/>
  <testcase name="login04" time="3.992" classname="com.sfgov.tests.LoginTests"/>
  <testcase name="login01" time="5.344" classname="com.sfgov.tests.LoginTests"/>
</testsuite> <!-- com.sfgov.tests.LoginTests -->
