<?xml version="1.0" encoding="UTF-8"?>
<!-- Generated by org.testng.reporters.JUnitReportReporter -->
<testsuite hostname="Ruiyong.local" name="com.sfgov.tests.SFgovTest" tests="1" failures="0" timestamp="2 Apr 2016 08:07:48 GMT" time="195.876" errors="0">
  <testcase name="residentsPageTest" time="195.876" classname="com.sfgov.tests.SFgovTest"/>
</testsuite> <!-- com.sfgov.tests.SFgovTest -->
