<?xml version="1.0" encoding="UTF-8"?>
<!-- Generated by org.testng.reporters.JUnitReportReporter -->
<testsuite hostname="Ruiyong.local" name="com.sfgov.tests.BrokenLinksCheck" tests="1" failures="0" timestamp="1 Apr 2016 22:03:30 GMT" time="2014.192" errors="1">
  <testcase name="brokenLinkTest1" time="2014.192" classname="com.sfgov.tests.BrokenLinksCheck">
    <error type="java.net.ProtocolException" message="Server redirected too many  times (20)">
      <![CDATA[java.net.ProtocolException: Server redirected too many  times (20)
	at sun.net.www.protocol.http.HttpURLConnection.getInputStream0(HttpURLConnection.java:1846)
	at sun.net.www.protocol.http.HttpURLConnection.getInputStream(HttpURLConnection.java:1439)
	at java.net.HttpURLConnection.getResponseCode(HttpURLConnection.java:480)
	at com.sfgov.common.Common.getResponseCode(Common.java:100)
	at com.sfgov.common.Common.checkBrokenLinks(Common.java:81)
	at com.sfgov.tests.BrokenLinksCheck.brokenLinkTest1(BrokenLinksCheck.java:44)
	at sun.reflect.NativeMethodAccessorImpl.invoke0(Native Method)
	at sun.reflect.NativeMethodAccessorImpl.invoke(NativeMethodAccessorImpl.java:62)
	at sun.reflect.DelegatingMethodAccessorImpl.invoke(DelegatingMethodAccessorImpl.java:43)
	at java.lang.reflect.Method.invoke(Method.java:483)
	at org.testng.internal.MethodInvocationHelper.invokeMethod(MethodInvocationHelper.java:85)
	at org.testng.internal.Invoker.invokeMethod(Invoker.java:639)
	at org.testng.internal.Invoker.invokeTestMethod(Invoker.java:816)
	at org.testng.internal.Invoker.invokeTestMethods(Invoker.java:1124)
	at org.testng.internal.TestMethodWorker.invokeTestMethods(TestMethodWorker.java:125)
	at org.testng.internal.TestMethodWorker.run(TestMethodWorker.java:108)
	at org.testng.TestRunner.privateRun(TestRunner.java:774)
	at org.testng.TestRunner.run(TestRunner.java:624)
	at org.testng.SuiteRunner.runTest(SuiteRunner.java:359)
	at org.testng.SuiteRunner.runSequentially(SuiteRunner.java:354)
	at org.testng.SuiteRunner.privateRun(SuiteRunner.java:312)
	at org.testng.SuiteRunner.run(SuiteRunner.java:261)
	at org.testng.SuiteRunnerWorker.runSuite(SuiteRunnerWorker.java:52)
	at org.testng.SuiteRunnerWorker.run(SuiteRunnerWorker.java:86)
	at org.testng.TestNG.runSuitesSequentially(TestNG.java:1215)
	at org.testng.TestNG.runSuitesLocally(TestNG.java:1140)
	at org.testng.TestNG.run(TestNG.java:1048)
	at org.testng.remote.RemoteTestNG.run(RemoteTestNG.java:112)
	at org.testng.remote.RemoteTestNG.initAndRun(RemoteTestNG.java:205)
	at org.testng.remote.RemoteTestNG.main(RemoteTestNG.java:176)
]]>
    </error>
  </testcase> <!-- brokenLinkTest1 -->
</testsuite> <!-- com.sfgov.tests.BrokenLinksCheck -->
